# JRE version: OpenJDK Runtime Environment (17.0.10) (build 17.0.10+0--11609105)
# Java VM: OpenJDK 64-Bit Server VM (17.0.10+0--11609105, mixed mode, tiered, compressed oops, compressed class ptrs, g1 gc, windows-amd64)
GC Precious Log:
 CPUs: 12 total, 12 available
 Memory: 7971M
 Large Page Support: Disabled
 NUMA Support: Disabled
 Compressed Oops: Enabled (32-bit)
 Heap Region Size: 1M
 Heap Min Capacity: 8M
 Heap Initial Capacity: 126M
 Heap Max Capacity: 2G
 Pre-touch: Disabled
 Parallel Workers: 10
 Concurrent Workers: 3
 Concurrent Refinement Workers: 10
 Periodic GC: Disabled
Heap:
 garbage-first heap   total 291840K, used 169793K [0x0000000080000000, 0x0000000100000000)
  region size 1024K, 4 young (4096K), 4 survivors (4096K)
 Metaspace       used 141058K, committed 142144K, reserved 1179648K
  class space    used 20451K, committed 20992K, reserved 1048576K
GC Heap History (20 events):
Event: 13.467 GC heap after
{Heap after GC invocations=41 (full 0):
 garbage-first heap   total 251904K, used 131584K [0x0000000080000000, 0x0000000100000000)
  region size 1024K, 8 young (8192K), 8 survivors (8192K)
 Metaspace       used 121934K, committed 122816K, reserved 1179648K
  class space    used 16982K, committed 17408K, reserved 1048576K
}
Event: 13.831 GC heap before
{Heap before GC invocations=42 (full 0):
 garbage-first heap   total 251904K, used 204288K [0x0000000080000000, 0x0000000100000000)
  region size 1024K, 80 young (81920K), 8 survivors (8192K)
 Metaspace       used 130468K, committed 131392K, reserved 1179648K
  class space    used 18703K, committed 19136K, reserved 1048576K
}
Event: 13.837 GC heap after
{Heap after GC invocations=43 (full 0):
 garbage-first heap   total 251904K, used 136004K [0x0000000080000000, 0x0000000100000000)
  region size 1024K, 5 young (5120K), 5 survivors (5120K)
 Metaspace       used 130468K, committed 131392K, reserved 1179648K
  class space    used 18703K, committed 19136K, reserved 1048576K
}
Event: 13.863 GC heap before
{Heap before GC invocations=43 (full 0):
 garbage-first heap   total 251904K, used 143172K [0x0000000080000000, 0x0000000100000000)
  region size 1024K, 12 young (12288K), 5 survivors (5120K)
 Metaspace       used 130905K, committed 131840K, reserved 1179648K
  class space    used 18793K, committed 19264K, reserved 1048576K
}
Event: 13.867 GC heap after
{Heap after GC invocations=44 (full 0):
 garbage-first heap   total 251904K, used 133292K [0x0000000080000000, 0x0000000100000000)
  region size 1024K, 1 young (1024K), 1 survivors (1024K)
 Metaspace       used 130905K, committed 131840K, reserved 1179648K
  class space    used 18793K, committed 19264K, reserved 1048576K
}
Event: 14.121 GC heap before
{Heap before GC invocations=44 (full 0):
 garbage-first heap   total 251904K, used 205996K [0x0000000080000000, 0x0000000100000000)
  region size 1024K, 73 young (74752K), 1 survivors (1024K)
 Metaspace       used 134667K, committed 135616K, reserved 1179648K
  class space    used 19550K, committed 20032K, reserved 1048576K
}
Event: 14.126 GC heap after
{Heap after GC invocations=45 (full 0):
 garbage-first heap   total 251904K, used 138100K [0x0000000080000000, 0x0000000100000000)
  region size 1024K, 6 young (6144K), 6 survivors (6144K)
 Metaspace       used 134667K, committed 135616K, reserved 1179648K
  class space    used 19550K, committed 20032K, reserved 1048576K
}
Event: 15.017 GC heap before
{Heap before GC invocations=46 (full 0):
 garbage-first heap   total 251904K, used 208756K [0x0000000080000000, 0x0000000100000000)
  region size 1024K, 74 young (75776K), 6 survivors (6144K)
 Metaspace       used 138000K, committed 138944K, reserved 1179648K
  class space    used 20123K, committed 20544K, reserved 1048576K
}
Event: 15.021 GC heap after
{Heap after GC invocations=47 (full 0):
 garbage-first heap   total 251904K, used 135445K [0x0000000080000000, 0x0000000100000000)
  region size 1024K, 3 young (3072K), 3 survivors (3072K)
 Metaspace       used 138000K, committed 138944K, reserved 1179648K
  class space    used 20123K, committed 20544K, reserved 1048576K
}
Event: 15.260 GC heap before
{Heap before GC invocations=47 (full 0):
 garbage-first heap   total 251904K, used 175381K [0x0000000080000000, 0x0000000100000000)
  region size 1024K, 12 young (12288K), 3 survivors (3072K)
 Metaspace       used 138725K, committed 139712K, reserved 1179648K
  class space    used 20227K, committed 20672K, reserved 1048576K
}
Event: 15.265 GC heap after
{Heap after GC invocations=48 (full 0):
 garbage-first heap   total 251904K, used 133134K [0x0000000080000000, 0x0000000100000000)
  region size 1024K, 1 young (1024K), 1 survivors (1024K)
 Metaspace       used 138725K, committed 139712K, reserved 1179648K
  class space    used 20227K, committed 20672K, reserved 1048576K
}
Event: 337.189 GC heap before
{Heap before GC invocations=48 (full 0):
 garbage-first heap   total 251904K, used 210958K [0x0000000080000000, 0x0000000100000000)
  region size 1024K, 77 young (78848K), 1 survivors (1024K)
 Metaspace       used 140377K, committed 141440K, reserved 1179648K
  class space    used 20418K, committed 20928K, reserved 1048576K
}
Event: 337.197 GC heap after
{Heap after GC invocations=49 (full 0):
 garbage-first heap   total 251904K, used 139085K [0x0000000080000000, 0x0000000100000000)
  region size 1024K, 7 young (7168K), 7 survivors (7168K)
 Metaspace       used 140377K, committed 141440K, reserved 1179648K
  class space    used 20418K, committed 20928K, reserved 1048576K
}
Event: 337.711 GC heap before
{Heap before GC invocations=49 (full 0):
 garbage-first heap   total 251904K, used 216909K [0x0000000080000000, 0x0000000100000000)
  region size 1024K, 70 young (71680K), 7 survivors (7168K)
 Metaspace       used 140627K, committed 141632K, reserved 1179648K
  class space    used 20426K, committed 20928K, reserved 1048576K
}
Event: 337.728 GC heap after
{Heap after GC invocations=50 (full 0):
 garbage-first heap   total 251904K, used 168831K [0x0000000080000000, 0x0000000100000000)
  region size 1024K, 10 young (10240K), 10 survivors (10240K)
 Metaspace       used 140627K, committed 141632K, reserved 1179648K
  class space    used 20426K, committed 20928K, reserved 1048576K
}
Event: 339.922 GC heap before
{Heap before GC invocations=51 (full 0):
 garbage-first heap   total 291840K, used 202623K [0x0000000080000000, 0x0000000100000000)
  region size 1024K, 40 young (40960K), 10 survivors (10240K)
 Metaspace       used 140739K, committed 141760K, reserved 1179648K
  class space    used 20423K, committed 20928K, reserved 1048576K
}
Event: 339.934 GC heap after
{Heap after GC invocations=52 (full 0):
 garbage-first heap   total 291840K, used 171984K [0x0000000080000000, 0x0000000100000000)
  region size 1024K, 5 young (5120K), 5 survivors (5120K)
 Metaspace       used 140739K, committed 141760K, reserved 1179648K
  class space    used 20423K, committed 20928K, reserved 1048576K
}
Event: 339.963 GC heap before
{Heap before GC invocations=52 (full 0):
 garbage-first heap   total 291840K, used 181200K [0x0000000080000000, 0x0000000100000000)
  region size 1024K, 14 young (14336K), 5 survivors (5120K)
 Metaspace       used 140751K, committed 141760K, reserved 1179648K
  class space    used 20423K, committed 20928K, reserved 1048576K
}
Event: 339.969 GC heap after
{Heap after GC invocations=53 (full 0):
 garbage-first heap   total 291840K, used 167862K [0x0000000080000000, 0x0000000100000000)
  region size 1024K, 2 young (2048K), 2 survivors (2048K)
 Metaspace       used 140751K, committed 141760K, reserved 1179648K
  class space    used 20423K, committed 20928K, reserved 1048576K
}
Event: 590.155 GC heap before
{Heap before GC invocations=53 (full 0):
 garbage-first heap   total 291840K, used 257974K [0x0000000080000000, 0x0000000100000000)
  region size 1024K, 60 young (61440K), 2 survivors (2048K)
 Metaspace       used 141058K, committed 142144K, reserved 1179648K
  class space    used 20451K, committed 20992K, reserved 1048576K
}

